<?xml version="1.0" encoding="UTF-8"?>
<testng-results ignored="0" total="2" passed="2" failed="0" skipped="0">
  <reporter-output>
  </reporter-output>
  <suite started-at="2025-05-11T15:16:21 IST" name="Suite" finished-at="2025-05-11T15:16:50 IST" duration-ms="29189">
    <groups>
    </groups>
    <test started-at="2025-05-11T15:16:21 IST" name="Test" finished-at="2025-05-11T15:16:50 IST" duration-ms="29189">
      <class name="EndToEnd.com.seleniumpractice.OrangeHRM">
        <test-method signature="setup()[pri:0, instance:EndToEnd.com.seleniumpractice.OrangeHRM@7334aada]" started-at="2025-05-11T15:16:22 IST" name="setup" finished-at="2025-05-11T15:16:50 IST" duration-ms="28216" status="PASS">
          <reporter-output>
          </reporter-output>
        </test-method> <!-- setup -->
      </class> <!-- EndToEnd.com.seleniumpractice.OrangeHRM -->
      <class name="EndToEnd.com.seleniumpractice.LoginTest">
        <test-method signature="mytestone()[pri:0, instance:EndToEnd.com.seleniumpractice.LoginTest@59fd97a8]" started-at="2025-05-11T15:16:21 IST" name="mytestone" finished-at="2025-05-11T15:16:22 IST" duration-ms="892" status="PASS">
          <reporter-output>
          </reporter-output>
        </test-method> <!-- mytestone -->
      </class> <!-- EndToEnd.com.seleniumpractice.LoginTest -->
    </test> <!-- Test -->
  </suite> <!-- Suite -->
</testng-results>
