<?xml version="1.0" encoding="UTF-8"?>
<testng-results ignored="0" total="1" passed="1" failed="0" skipped="0">
  <reporter-output>
  </reporter-output>
  <suite started-at="2025-05-11T08:14:48 IST" name="Suite" finished-at="2025-05-11T08:14:49 IST" duration-ms="94">
    <groups>
    </groups>
    <test started-at="2025-05-11T08:14:48 IST" name="Test" finished-at="2025-05-11T08:14:49 IST" duration-ms="94">
      <class name="EndToEnd.com.seleniumpractice.LoginTest">
        <test-method signature="mytestone()[pri:0, instance:EndToEnd.com.seleniumpractice.LoginTest@6f96c77]" started-at="2025-05-11T08:14:49 IST" name="mytestone" finished-at="2025-05-11T08:14:49 IST" duration-ms="10" status="PASS">
          <reporter-output>
          </reporter-output>
        </test-method> <!-- mytestone -->
      </class> <!-- EndToEnd.com.seleniumpractice.LoginTest -->
    </test> <!-- Test -->
  </suite> <!-- Suite -->
</testng-results>
