<?xml version="1.0" encoding="UTF-8"?>
<testng-results ignored="0" total="1" passed="1" failed="0" skipped="0">
  <reporter-output>
  </reporter-output>
  <suite started-at="2025-05-11T12:43:18 IST" name="Default suite" finished-at="2025-05-11T12:43:19 IST" duration-ms="666">
    <groups>
    </groups>
    <test started-at="2025-05-11T12:43:18 IST" name="Default test" finished-at="2025-05-11T12:43:19 IST" duration-ms="666">
      <class name="EndToEnd.com.seleniumpractice.LoginTest">
        <test-method signature="mytestone()[pri:0, instance:EndToEnd.com.seleniumpractice.LoginTest@306f16f3]" started-at="2025-05-11T12:43:18 IST" name="mytestone" finished-at="2025-05-11T12:43:19 IST" duration-ms="627" status="PASS">
          <reporter-output>
          </reporter-output>
        </test-method> <!-- mytestone -->
      </class> <!-- EndToEnd.com.seleniumpractice.LoginTest -->
    </test> <!-- Default test -->
  </suite> <!-- Default suite -->
</testng-results>
